Active-HDL 13.0.376.8320 2022-06-09 14:30:56

Elaboration top modules:
Architecture                  core(maquina_estados)


--------------------------------------------------------------------------------------------------
Entity          | Architecture | Library | Info | Compiler Version          | Compilation Options
--------------------------------------------------------------------------------------------------
maquina_estados | core         | main    |      | 13.0.376.8320 (Windows64) | -O3
--------------------------------------------------------------------------------------------------

--------------------------------------------------------------------------------------------------
VHDL Package                   | Library | Info | Compiler Version          | Compilation Options
--------------------------------------------------------------------------------------------------
standard                       | std     |      |                           | <unavailable>
TEXTIO                         | std     |      | 13.0.376.8320 (Windows64) |  -2019
std_logic_1164                 | ieee    |      | 13.0.376.8320 (Windows64) |  -2008
--------------------------------------------------------------------------------------------------

--------------------------------------------------------------------------------------------------
Library                        | Comment
--------------------------------------------------------------------------------------------------
ieee                           | Standard IEEE packages library
main                           | None
std                            | Standard VHDL library
--------------------------------------------------------------------------------------------------
